R: 0.04117647 G: 0.11960784 B: 0.046078432
R: 0.04019608 G: 0.11862745 B: 0.04509804
R: 0.04509804 G: 0.11862745 B: 0.04509804
R: 0.04117647 G: 0.11960784 B: 0.046078432
R: 0.04117647 G: 0.11764706 B: 0.04509804
R: 0.04117647 G: 0.11862745 B: 0.047058824
R: 0.04117647 G: 0.11960784 B: 0.04019608
R: 0.043137256 G: 0.120588236 B: 0.048039217
R: 0.04019608 G: 0.120588236 B: 0.047058824
R: 0.04117647 G: 0.11960784 B: 0.04509804
R: 0.043137256 G: 0.11764706 B: 0.047058824
R: 0.04117647 G: 0.11862745 B: 0.047058824
R: 0.04901961 G: 0.120588236 B: 0.04901961
R: 0.04117647 G: 0.11862745 B: 0.04509804
R: 0.04019608 G: 0.11862745 B: 0.047058824
R: 0.04019608 G: 0.11862745 B: 0.047058824
R: 0.04019608 G: 0.11862745 B: 0.04509804
R: 0.042156864 G: 0.12156863 B: 0.047058824
R: 0.04117647 G: 0.11960784 B: 0.046078432
R: 0.042156864 G: 0.11960784 B: 0.047058824
R: 0.04019608 G: 0.11470588 B: 0.04509804
R: 0.04117647 G: 0.11862745 B: 0.047058824
R: 0.04019608 G: 0.11862745 B: 0.04509804
R: 0.039215688 G: 0.11666667 B: 0.048039217
R: 0.039215688 G: 0.11666667 B: 0.04411765
R: 0.04019608 G: 0.11666667 B: 0.04509804
R: 0.04019608 G: 0.1127451 B: 0.046078432
R: 0.04019608 G: 0.11372549 B: 0.04509804
R: 0.042156864 G: 0.11372549 B: 0.047058824
R: 0.07941177 G: 0.092156865 B: 0.032352943
R: 0.11862745 G: 0.078431375 B: 0.030392157
R: 0.1882353 G: 0.064705886 B: 0.029411765
R: 0.21372549 G: 0.05490196 B: 0.033333335
R: 0.21176471 G: 0.05490196 B: 0.03627451
R: 0.20980392 G: 0.051960785 B: 0.034313727
R: 0.21176471 G: 0.050980393 B: 0.033333335
R: 0.21078432 G: 0.057843138 B: 0.03627451
R: 0.21568628 G: 0.052941177 B: 0.03627451
R: 0.21666667 G: 0.05392157 B: 0.03529412
R: 0.21470588 G: 0.051960785 B: 0.033333335
R: 0.21470588 G: 0.051960785 B: 0.037254903
R: 0.2127451 G: 0.052941177 B: 0.039215688
R: 0.21176471 G: 0.050980393 B: 0.032352943
R: 0.21078432 G: 0.050980393 B: 0.033333335
R: 0.21078432 G: 0.050980393 B: 0.034313727
R: 0.20490196 G: 0.04901961 B: 0.034313727
R: 0.20980392 G: 0.050980393 B: 0.034313727
R: 0.20784314 G: 0.051960785 B: 0.033333335
R: 0.20196079 G: 0.048039217 B: 0.033333335
R: 0.2009804 G: 0.048039217 B: 0.03529412
R: 0.19411765 G: 0.046078432 B: 0.033333335
R: 0.16862746 G: 0.038235296 B: 0.024509804
R: 0.10980392 G: 0.039215688 B: 0.024509804
R: 0.105882354 G: 0.04509804 B: 0.028431373
R: 0.11470588 G: 0.05 B: 0.029411765
R: 0.11666667 G: 0.047058824 B: 0.028431373
R: 0.11960784 G: 0.050980393 B: 0.030392157
R: 0.11764706 G: 0.051960785 B: 0.029411765
R: 0.11862745 G: 0.050980393 B: 0.028431373
R: 0.12156863 G: 0.055882353 B: 0.030392157
R: 0.11764706 G: 0.051960785 B: 0.029411765
R: 0.11666667 G: 0.052941177 B: 0.028431373
R: 0.11960784 G: 0.052941177 B: 0.029411765
R: 0.11666667 G: 0.052941177 B: 0.030392157
R: 0.120588236 G: 0.048039217 B: 0.029411765
R: 0.120588236 G: 0.052941177 B: 0.029411765
R: 0.12156863 G: 0.052941177 B: 0.029411765
R: 0.12254902 G: 0.046078432 B: 0.028431373
R: 0.12156863 G: 0.05392157 B: 0.028431373
R: 0.12156863 G: 0.052941177 B: 0.02745098
R: 0.12254902 G: 0.05392157 B: 0.028431373
R: 0.12254902 G: 0.05490196 B: 0.02745098
R: 0.12254902 G: 0.055882353 B: 0.028431373
R: 0.1254902 G: 0.056862745 B: 0.029411765
R: 0.124509804 G: 0.055882353 B: 0.029411765
R: 0.124509804 G: 0.055882353 B: 0.029411765
R: 0.124509804 G: 0.055882353 B: 0.029411765
R: 0.1254902 G: 0.055882353 B: 0.029411765
R: 0.1254902 G: 0.05490196 B: 0.028431373
R: 0.1254902 G: 0.057843138 B: 0.030392157
R: 0.124509804 G: 0.055882353 B: 0.029411765
R: 0.12352941 G: 0.05490196 B: 0.028431373
R: 0.12352941 G: 0.05490196 B: 0.028431373
R: 0.12352941 G: 0.055882353 B: 0.028431373
R: 0.12156863 G: 0.052941177 B: 0.02745098
R: 0.12254902 G: 0.05490196 B: 0.029411765
R: 0.11960784 G: 0.05392157 B: 0.02745098
R: 0.11960784 G: 0.052941177 B: 0.028431373
R: 0.11960784 G: 0.052941177 B: 0.028431373
R: 0.11960784 G: 0.052941177 B: 0.028431373
R: 0.11764706 G: 0.052941177 B: 0.02745098
R: 0.11862745 G: 0.052941177 B: 0.028431373
R: 0.11862745 G: 0.05392157 B: 0.029411765
R: 0.11666667 G: 0.052941177 B: 0.028431373
R: 0.11666667 G: 0.052941177 B: 0.02745098
R: 0.11470588 G: 0.050980393 B: 0.02745098
R: 0.115686275 G: 0.051960785 B: 0.028431373
R: 0.115686275 G: 0.052941177 B: 0.02745098
R: 0.115686275 G: 0.050980393 B: 0.028431373
R: 0.11960784 G: 0.05490196 B: 0.028431373
R: 0.12254902 G: 0.056862745 B: 0.028431373
R: 0.12352941 G: 0.057843138 B: 0.028431373
R: 0.12254902 G: 0.055882353 B: 0.028431373
R: 0.10294118 G: 0.047058824 B: 0.025490196
R: 0.087254904 G: 0.037254903 B: 0.02254902
R: 0.07745098 G: 0.032352943 B: 0.020588236
R: 0.07254902 G: 0.029411765 B: 0.020588236
R: 0.06960785 G: 0.028431373 B: 0.019607844
R: 0.06666667 G: 0.024509804 B: 0.01764706
R: 0.0627451 G: 0.025490196 B: 0.018627452
R: 0.056862745 G: 0.020588236 B: 0.014705882
R: 0.051960785 G: 0.021568628 B: 0.014705882
R: 0.050980393 G: 0.019607844 B: 0.014705882
R: 0.047058824 G: 0.015686275 B: 0.005882353
R: 0.04901961 G: 0.019607844 B: 0.015686275
R: 0.04117647 G: 0.01764706 B: 0.01372549
R: 0.04019608 G: 0.014705882 B: 0.011764706
R: 0.046078432 G: 0.018627452 B: 0.01372549
R: 0.048039217 G: 0.018627452 B: 0.015686275
R: 0.047058824 G: 0.019607844 B: 0.016666668
R: 0.046078432 G: 0.018627452 B: 0.012745098
R: 0.046078432 G: 0.018627452 B: 0.014705882
R: 0.046078432 G: 0.01764706 B: 0.014705882
R: 0.04509804 G: 0.019607844 B: 0.018627452
R: 0.042156864 G: 0.01764706 B: 0.01372549
R: 0.042156864 G: 0.01764706 B: 0.014705882
R: 0.04019608 G: 0.014705882 B: 0.011764706
R: 0.037254903 G: 0.01372549 B: 0.012745098
R: 0.034313727 G: 0.01372549 B: 0.012745098
R: 0.034313727 G: 0.01372549 B: 0.011764706
R: 0.034313727 G: 0.01372549 B: 0.010784314
R: 0.03529412 G: 0.01372549 B: 0.003921569
R: 0.03529412 G: 0.014705882 B: 0.011764706
R: 0.03529412 G: 0.014705882 B: 0.011764706
R: 0.030392157 G: 0.012745098 B: 0.010784314
R: 0.034313727 G: 0.014705882 B: 0.011764706
R: 0.032352943 G: 0.012745098 B: 0.010784314
R: 0.030392157 G: 0.012745098 B: 0.010784314
R: 0.030392157 G: 0.011764706 B: 0.011764706
R: 0.026470589 G: 0.009803922 B: 0.009803922
R: 0.025490196 G: 0.010784314 B: 0.009803922
R: 0.025490196 G: 0.010784314 B: 0.010784314
R: 0.024509804 G: 0.00882353 B: 0.010784314
R: 0.025490196 G: 0.010784314 B: 0.011764706
R: 0.026470589 G: 0.014705882 B: 0.012745098
R: 0.026470589 G: 0.011764706 B: 0.012745098
R: 0.024509804 G: 0.009803922 B: 0.009803922
R: 0.02745098 G: 0.011764706 B: 0.01372549
R: 0.016666668 G: 0.012745098 B: 0.028431373
R: 0.012745098 G: 0.020588236 B: 0.032352943
R: 0.01764706 G: 0.03137255 B: 0.042156864
R: 0.020588236 G: 0.033333335 B: 0.046078432
R: 0.02254902 G: 0.038235296 B: 0.04901961
R: 0.024509804 G: 0.04019608 B: 0.051960785
R: 0.02254902 G: 0.039215688 B: 0.050980393
R: 0.023529412 G: 0.042156864 B: 0.05490196
R: 0.024509804 G: 0.042156864 B: 0.05392157
R: 0.026470589 G: 0.042156864 B: 0.055882353
R: 0.02254902 G: 0.039215688 B: 0.051960785
R: 0.02254902 G: 0.04019608 B: 0.052941177
R: 0.023529412 G: 0.038235296 B: 0.052941177
R: 0.02254902 G: 0.03627451 B: 0.050980393
R: 0.02254902 G: 0.037254903 B: 0.050980393
R: 0.02254902 G: 0.03529412 B: 0.051960785
R: 0.02254902 G: 0.03627451 B: 0.050980393
R: 0.024509804 G: 0.037254903 B: 0.052941177
R: 0.020588236 G: 0.033333335 B: 0.05
R: 0.02254902 G: 0.037254903 B: 0.051960785
R: 0.023529412 G: 0.038235296 B: 0.052941177
R: 0.023529412 G: 0.038235296 B: 0.05490196
R: 0.023529412 G: 0.039215688 B: 0.055882353
R: 0.024509804 G: 0.04117647 B: 0.055882353
R: 0.023529412 G: 0.039215688 B: 0.05490196
R: 0.024509804 G: 0.04019608 B: 0.05490196
R: 0.02254902 G: 0.038235296 B: 0.052941177
R: 0.02254902 G: 0.03627451 B: 0.052941177
R: 0.021568628 G: 0.03627451 B: 0.050980393
R: 0.015686275 G: 0.03529412 B: 0.05
R: 0.020588236 G: 0.033333335 B: 0.04901961
R: 0.020588236 G: 0.032352943 B: 0.048039217
R: 0.025490196 G: 0.034313727 B: 0.04901961
R: 0.019607844 G: 0.032352943 B: 0.048039217
R: 0.020588236 G: 0.032352943 B: 0.048039217
R: 0.019607844 G: 0.032352943 B: 0.047058824
R: 0.020588236 G: 0.033333335 B: 0.04901961
R: 0.019607844 G: 0.033333335 B: 0.04901961
R: 0.015686275 G: 0.033333335 B: 0.048039217
R: 0.020588236 G: 0.033333335 B: 0.048039217
R: 0.021568628 G: 0.03627451 B: 0.04901961
R: 0.020588236 G: 0.03627451 B: 0.050980393
R: 0.023529412 G: 0.039215688 B: 0.056862745
R: 0.024509804 G: 0.042156864 B: 0.057843138
R: 0.025490196 G: 0.042156864 B: 0.057843138
R: 0.024509804 G: 0.04117647 B: 0.056862745
R: 0.024509804 G: 0.04117647 B: 0.057843138
R: 0.023529412 G: 0.038235296 B: 0.05490196
R: 0.021568628 G: 0.037254903 B: 0.051960785
R: 0.018627452 G: 0.032352943 B: 0.04509804
R: 0.019607844 G: 0.03137255 B: 0.048039217
R: 0.018627452 G: 0.030392157 B: 0.046078432
R: 0.01764706 G: 0.028431373 B: 0.042156864
R: 0.018627452 G: 0.026470589 B: 0.046078432
R: 0.019607844 G: 0.025490196 B: 0.056862745
R: 0.039215688 G: 0.032352943 B: 0.07058824
R: 0.057843138 G: 0.043137256 B: 0.08431373
R: 0.07450981 G: 0.05980392 B: 0.0882353
R: 0.083333336 G: 0.0754902 B: 0.09313726
R: 0.09411765 G: 0.09019608 B: 0.10294118
R: 0.1 G: 0.09313726 B: 0.10980392
R: 0.10392157 G: 0.09803922 B: 0.11372549
R: 0.110784315 G: 0.10490196 B: 0.11960784
R: 0.11666667 G: 0.11176471 B: 0.12352941
R: 0.120588236 G: 0.115686275 B: 0.1264706
R: 0.12843138 G: 0.12352941 B: 0.13333334
R: 0.13039216 G: 0.1264706 B: 0.13529412
R: 0.13627452 G: 0.13431373 B: 0.14019608
R: 0.13725491 G: 0.13627452 B: 0.14313726
R: 0.1392157 G: 0.13725491 B: 0.14117648
R: 0.13137256 G: 0.12843138 B: 0.13627452
R: 0.13137256 G: 0.12745099 B: 0.13529412
R: 0.13039216 G: 0.12745099 B: 0.13627452
R: 0.1264706 G: 0.12156863 B: 0.13137256
R: 0.1264706 G: 0.12254902 B: 0.13137256
R: 0.1254902 G: 0.12156863 B: 0.13039216
R: 0.1264706 G: 0.12156863 B: 0.13137256
R: 0.1254902 G: 0.120588236 B: 0.13039216
R: 0.12352941 G: 0.11960784 B: 0.12941177
R: 0.12254902 G: 0.11764706 B: 0.12843138
R: 0.12254902 G: 0.11764706 B: 0.12843138
R: 0.12156863 G: 0.11666667 B: 0.12745099
R: 0.11862745 G: 0.1127451 B: 0.124509804
R: 0.11666667 G: 0.1127451 B: 0.12352941
R: 0.11862745 G: 0.11470588 B: 0.1254902
R: 0.11764706 G: 0.11176471 B: 0.12352941
R: 0.11666667 G: 0.10882353 B: 0.12254902
R: 0.11666667 G: 0.1 B: 0.12156863
R: 0.115686275 G: 0.110784315 B: 0.12254902
R: 0.11764706 G: 0.11372549 B: 0.124509804
R: 0.11960784 G: 0.11372549 B: 0.1264706
R: 0.11764706 G: 0.11176471 B: 0.12352941
R: 0.11666667 G: 0.110784315 B: 0.1264706
R: 0.11764706 G: 0.11372549 B: 0.12254902
R: 0.11372549 G: 0.10784314 B: 0.12156863
R: 0.1127451 G: 0.105882354 B: 0.11862745
R: 0.115686275 G: 0.10980392 B: 0.12156863
R: 0.11666667 G: 0.11176471 B: 0.12352941
R: 0.11666667 G: 0.11176471 B: 0.12352941
R: 0.11764706 G: 0.11176471 B: 0.12352941
R: 0.11764706 G: 0.11372549 B: 0.1254902
R: 0.11666667 G: 0.11372549 B: 0.124509804
R: 0.12156863 G: 0.11666667 B: 0.1264706
R: 0.11764706 G: 0.1127451 B: 0.124509804
R: 0.115686275 G: 0.110784315 B: 0.12352941
R: 0.10882353 G: 0.10294118 B: 0.11764706
R: 0.10098039 G: 0.09803922 B: 0.097058825
R: 0.047058824 G: 0.05980392 B: 0.023529412
R: 0.019607844 G: 0.018627452 B: 0.015686275
R: 0.018627452 G: 0.01764706 B: 0.016666668
R: 0.019607844 G: 0.01764706 B: 0.016666668
R: 0.018627452 G: 0.018627452 B: 0.016666668
R: 0.01764706 G: 0.016666668 B: 0.019607844
R: 0.019607844 G: 0.021568628 B: 0.015686275
R: 0.020588236 G: 0.02254902 B: 0.016666668
R: 0.021568628 G: 0.021568628 B: 0.01764706
R: 0.021568628 G: 0.02254902 B: 0.01764706
R: 0.02254902 G: 0.02254902 B: 0.01764706
R: 0.02254902 G: 0.02254902 B: 0.01764706
R: 0.02254902 G: 0.023529412 B: 0.016666668
R: 0.023529412 G: 0.024509804 B: 0.019607844
R: 0.02254902 G: 0.023529412 B: 0.01764706
R: 0.02254902 G: 0.02254902 B: 0.018627452
R: 0.020588236 G: 0.021568628 B: 0.01764706
R: 0.021568628 G: 0.020588236 B: 0.016666668
R: 0.018627452 G: 0.019607844 B: 0.015686275
R: 0.021568628 G: 0.020588236 B: 0.01764706
R: 0.020588236 G: 0.021568628 B: 0.01764706
R: 0.020588236 G: 0.020588236 B: 0.016666668
R: 0.020588236 G: 0.020588236 B: 0.01764706
R: 0.021568628 G: 0.02254902 B: 0.01764706
R: 0.020588236 G: 0.021568628 B: 0.018627452
R: 0.021568628 G: 0.02254902 B: 0.018627452
R: 0.019607844 G: 0.020588236 B: 0.016666668
R: 0.021568628 G: 0.023529412 B: 0.015686275
R: 0.021568628 G: 0.02254902 B: 0.025490196
R: 0.02254902 G: 0.02254902 B: 0.016666668
R: 0.023529412 G: 0.02254902 B: 0.019607844
R: 0.021568628 G: 0.021568628 B: 0.018627452
R: 0.021568628 G: 0.021568628 B: 0.01764706
R: 0.021568628 G: 0.021568628 B: 0.019607844
R: 0.021568628 G: 0.020588236 B: 0.018627452
R: 0.020588236 G: 0.020588236 B: 0.019607844
R: 0.020588236 G: 0.019607844 B: 0.01764706
R: 0.020588236 G: 0.019607844 B: 0.01764706
R: 0.021568628 G: 0.020588236 B: 0.01764706
R: 0.02254902 G: 0.020588236 B: 0.01764706
R: 0.026470589 G: 0.020588236 B: 0.018627452
R: 0.06960785 G: 0.04509804 B: 0.020588236
R: 0.120588236 G: 0.08627451 B: 0.024509804
R: 0.14901961 G: 0.110784315 B: 0.02745098
R: 0.15490197 G: 0.11764706 B: 0.030392157
R: 0.15882353 G: 0.12352941 B: 0.03137255
R: 0.16666667 G: 0.1254902 B: 0.03137255
R: 0.16960785 G: 0.13039216 B: 0.034313727
R: 0.17352942 G: 0.13137256 B: 0.033333335
R: 0.17745098 G: 0.13333334 B: 0.034313727
R: 0.1764706 G: 0.13431373 B: 0.034313727
R: 0.18039216 G: 0.1382353 B: 0.034313727
R: 0.18235295 G: 0.1392157 B: 0.034313727
R: 0.18529412 G: 0.14215687 B: 0.03529412
R: 0.1872549 G: 0.14411765 B: 0.03529412
R: 0.19117647 G: 0.14803922 B: 0.03529412
R: 0.19019608 G: 0.14705883 B: 0.034313727
R: 0.19117647 G: 0.14803922 B: 0.034313727
R: 0.19019608 G: 0.14705883 B: 0.03529412
R: 0.18627451 G: 0.15294118 B: 0.042156864
R: 0.18627451 G: 0.14313726 B: 0.034313727
R: 0.18039216 G: 0.14117648 B: 0.03529412
R: 0.18039216 G: 0.1382353 B: 0.034313727
R: 0.18039216 G: 0.1382353 B: 0.034313727
R: 0.17941177 G: 0.13627452 B: 0.034313727
R: 0.17941177 G: 0.1382353 B: 0.034313727
R: 0.17941177 G: 0.13627452 B: 0.034313727
R: 0.18137255 G: 0.1382353 B: 0.034313727
R: 0.18431373 G: 0.14607844 B: 0.039215688
R: 0.18137255 G: 0.1382353 B: 0.034313727
R: 0.18137255 G: 0.1382353 B: 0.03529412
R: 0.18137255 G: 0.1382353 B: 0.034313727
R: 0.18333334 G: 0.14117648 B: 0.03529412
R: 0.18333334 G: 0.1392157 B: 0.034313727
R: 0.18137255 G: 0.1382353 B: 0.034313727
R: 0.17941177 G: 0.13725491 B: 0.03529412
R: 0.17450981 G: 0.13333334 B: 0.032352943
R: 0.17156863 G: 0.12941177 B: 0.029411765
R: 0.17156863 G: 0.13039216 B: 0.034313727
R: 0.17058824 G: 0.12843138 B: 0.032352943
R: 0.17058824 G: 0.12843138 B: 0.033333335
R: 0.16764706 G: 0.1264706 B: 0.032352943
R: 0.16960785 G: 0.12745099 B: 0.03137255
R: 0.16862746 G: 0.1264706 B: 0.03137255
R: 0.16666667 G: 0.12745099 B: 0.033333335
R: 0.1764706 G: 0.13039216 B: 0.033333335
R: 0.16176471 G: 0.124509804 B: 0.03137255
R: 0.1627451 G: 0.12254902 B: 0.03137255
R: 0.16176471 G: 0.12156863 B: 0.032352943
R: 0.16176471 G: 0.120588236 B: 0.030392157
R: 0.16176471 G: 0.12352941 B: 0.033333335
R: 0.16078432 G: 0.120588236 B: 0.026470589
R: 0.1637255 G: 0.12254902 B: 0.032352943
R: 0.16764706 G: 0.1264706 B: 0.034313727
R: 0.16764706 G: 0.12254902 B: 0.033333335
R: 0.16764706 G: 0.1254902 B: 0.033333335
R: 0.16568628 G: 0.12352941 B: 0.03137255
R: 0.16764706 G: 0.1254902 B: 0.033333335
R: 0.16764706 G: 0.1254902 B: 0.034313727
R: 0.16568628 G: 0.12352941 B: 0.032352943
R: 0.1627451 G: 0.12156863 B: 0.03137255
R: 0.16078432 G: 0.11960784 B: 0.03137255
R: 0.15980393 G: 0.11862745 B: 0.03137255
R: 0.16078432 G: 0.11960784 B: 0.03137255
R: 0.16078432 G: 0.11862745 B: 0.03137255
R: 0.1637255 G: 0.12254902 B: 0.033333335
R: 0.15686275 G: 0.11666667 B: 0.030392157
R: 0.15196079 G: 0.1127451 B: 0.030392157
R: 0.14607844 G: 0.10784314 B: 0.029411765
R: 0.14607844 G: 0.105882354 B: 0.030392157
R: 0.14705883 G: 0.1 B: 0.030392157
R: 0.14411765 G: 0.105882354 B: 0.030392157
R: 0.1382353 G: 0.10098039 B: 0.02745098
R: 0.1264706 G: 0.09117647 B: 0.026470589
R: 0.10392157 G: 0.07450981 B: 0.021568628
R: 0.092156865 G: 0.06568628 B: 0.020588236
R: 0.078431375 G: 0.055882353 B: 0.01764706
R: 0.068627454 G: 0.048039217 B: 0.015686275
R: 0.051960785 G: 0.037254903 B: 0.012745098
R: 0.043137256 G: 0.032352943 B: 0.010784314
R: 0.02745098 G: 0.021568628 B: 0.010784314
R: 0.019607844 G: 0.014705882 B: 0.00882353
R: 0.016666668 G: 0.01372549 B: 0.009803922
R: 0.01372549 G: 0.012745098 B: 0.010784314
R: 0.011764706 G: 0.012745098 B: 0.011764706
R: 0.00882353 G: 0.00882353 B: 0.010784314
R: 0.0 G: 0.0 B: 0.004901961
R: 0.003921569 G: 0.005882353 B: 0.007843138
R: 0.0029411765 G: 0.003921569 B: 0.006862745
R: 0.0 G: 0.003921569 B: 0.005882353
R: 0.0019607844 G: 0.003921569 B: 0.004901961
R: 0.0029411765 G: 0.004901961 B: 0.006862745
R: 0.0019607844 G: 0.004901961 B: 0.005882353
R: 0.005882353 G: 0.006862745 B: 0.011764706
R: 0.003921569 G: 0.0 B: 0.01372549
R: 0.004901961 G: 0.007843138 B: 0.010784314
R: 0.005882353 G: 0.007843138 B: 0.010784314
R: 0.004901961 G: 0.007843138 B: 0.010784314
R: 0.005882353 G: 0.007843138 B: 0.011764706
R: 0.005882353 G: 0.007843138 B: 0.012745098
R: 0.005882353 G: 0.00882353 B: 0.011764706
R: 0.006862745 G: 0.00882353 B: 0.012745098
R: 0.005882353 G: 0.00882353 B: 0.011764706
R: 0.005882353 G: 0.007843138 B: 0.011764706
R: 0.006862745 G: 0.00882353 B: 0.011764706
R: 0.006862745 G: 0.00882353 B: 0.011764706
R: 0.006862745 G: 0.007843138 B: 0.011764706
R: 0.005882353 G: 0.00882353 B: 0.010784314
R: 0.005882353 G: 0.007843138 B: 0.011764706
R: 0.005882353 G: 0.007843138 B: 0.010784314
R: 0.006862745 G: 0.00882353 B: 0.010784314
R: 0.005882353 G: 0.007843138 B: 0.010784314
R: 0.007843138 G: 0.007843138 B: 0.010784314
R: 0.006862745 G: 0.00882353 B: 0.010784314
R: 0.00882353 G: 0.009803922 B: 0.010784314
R: 0.010784314 G: 0.010784314 B: 0.011764706
R: 0.016666668 G: 0.014705882 B: 0.011764706
R: 0.02254902 G: 0.019607844 B: 0.010784314
R: 0.030392157 G: 0.024509804 B: 0.009803922
R: 0.038235296 G: 0.03137255 B: 0.009803922
R: 0.051960785 G: 0.039215688 B: 0.010784314
R: 0.061764706 G: 0.047058824 B: 0.011764706
R: 0.07450981 G: 0.055882353 B: 0.01372549
R: 0.08235294 G: 0.061764706 B: 0.015686275
R: 0.09117647 G: 0.07058824 B: 0.016666668
R: 0.09509804 G: 0.073529415 B: 0.015686275
R: 0.09509804 G: 0.07450981 B: 0.01764706
R: 0.09313726 G: 0.07254902 B: 0.01764706
R: 0.09019608 G: 0.07156863 B: 0.01764706
R: 0.087254904 G: 0.07058824 B: 0.016666668
R: 0.087254904 G: 0.06960785 B: 0.016666668
R: 0.09019608 G: 0.07058824 B: 0.01764706
R: 0.09803922 G: 0.0754902 B: 0.01764706
R: 0.10392157 G: 0.078431375 B: 0.018627452
R: 0.10098039 G: 0.07745098 B: 0.018627452
R: 0.101960786 G: 0.073529415 B: 0.014705882
R: 0.097058825 G: 0.0754902 B: 0.016666668
R: 0.09803922 G: 0.073529415 B: 0.01764706
R: 0.097058825 G: 0.073529415 B: 0.01764706
R: 0.092156865 G: 0.07058824 B: 0.01764706
R: 0.08137255 G: 0.05882353 B: 0.006862745
R: 0.09117647 G: 0.068627454 B: 0.016666668
R: 0.09313726 G: 0.07058824 B: 0.018627452
R: 0.09313726 G: 0.07058824 B: 0.015686275
R: 0.09509804 G: 0.07156863 B: 0.01764706
R: 0.097058825 G: 0.07450981 B: 0.01764706
R: 0.097058825 G: 0.07450981 B: 0.018627452
R: 0.09313726 G: 0.07058824 B: 0.016666668
R: 0.09313726 G: 0.07058824 B: 0.01764706
R: 0.09411765 G: 0.06960785 B: 0.01764706
R: 0.09313726 G: 0.06960785 B: 0.018627452
R: 0.09117647 G: 0.06666667 B: 0.01764706
R: 0.08921569 G: 0.06666667 B: 0.019607844
R: 0.0882353 G: 0.064705886 B: 0.015686275
R: 0.08921569 G: 0.06568628 B: 0.01764706
R: 0.09019608 G: 0.064705886 B: 0.016666668
R: 0.09117647 G: 0.06960785 B: 0.021568628
R: 0.097058825 G: 0.07058824 B: 0.019607844
R: 0.10294118 G: 0.07450981 B: 0.020588236
R: 0.11176471 G: 0.08235294 B: 0.023529412
R: 0.11862745 G: 0.087254904 B: 0.02254902
R: 0.12156863 G: 0.08921569 B: 0.02254902
R: 0.115686275 G: 0.08137255 B: 0.018627452
R: 0.11372549 G: 0.08235294 B: 0.02254902
R: 0.1127451 G: 0.08137255 B: 0.023529412
R: 0.110784315 G: 0.07941177 B: 0.020588236
R: 0.10784314 G: 0.07647059 B: 0.021568628
R: 0.106862746 G: 0.0754902 B: 0.019607844
R: 0.10980392 G: 0.078431375 B: 0.02254902
R: 0.11176471 G: 0.078431375 B: 0.023529412
R: 0.11470588 G: 0.08137255 B: 0.023529412
R: 0.11372549 G: 0.08039216 B: 0.023529412
R: 0.115686275 G: 0.08235294 B: 0.026470589
R: 0.11862745 G: 0.08627451 B: 0.024509804
R: 0.11960784 G: 0.08627451 B: 0.021568628
R: 0.1264706 G: 0.092156865 B: 0.026470589
R: 0.13137256 G: 0.09803922 B: 0.025490196
R: 0.13529412 G: 0.10098039 B: 0.026470589
R: 0.13431373 G: 0.1 B: 0.020588236
R: 0.14019608 G: 0.105882354 B: 0.025490196
R: 0.14215687 G: 0.1127451 B: 0.02745098
R: 0.14509805 G: 0.10980392 B: 0.025490196
R: 0.15196079 G: 0.115686275 B: 0.028431373
R: 0.15196079 G: 0.11666667 B: 0.030392157
R: 0.15392157 G: 0.11666667 B: 0.028431373
R: 0.15392157 G: 0.11764706 B: 0.030392157
R: 0.1509804 G: 0.11470588 B: 0.029411765
R: 0.14803922 G: 0.11176471 B: 0.02745098
R: 0.14117648 G: 0.110784315 B: 0.028431373
R: 0.14705883 G: 0.10980392 B: 0.028431373
R: 0.14803922 G: 0.110784315 B: 0.028431373
R: 0.14705883 G: 0.115686275 B: 0.028431373
R: 0.14509805 G: 0.10882353 B: 0.028431373
R: 0.14607844 G: 0.110784315 B: 0.028431373
R: 0.14705883 G: 0.110784315 B: 0.028431373
R: 0.14901961 G: 0.1127451 B: 0.029411765
R: 0.15686275 G: 0.11960784 B: 0.03529412
R: 0.15784314 G: 0.11862745 B: 0.030392157
R: 0.15882353 G: 0.120588236 B: 0.03137255
R: 0.16078432 G: 0.12254902 B: 0.030392157
R: 0.16568628 G: 0.12745099 B: 0.032352943
R: 0.16960785 G: 0.12941177 B: 0.032352943
R: 0.17352942 G: 0.13431373 B: 0.034313727
R: 0.17254902 G: 0.13235295 B: 0.03137255
R: 0.17058824 G: 0.13039216 B: 0.032352943
R: 0.16960785 G: 0.12941177 B: 0.032352943
R: 0.16960785 G: 0.12941177 B: 0.032352943
R: 0.15882353 G: 0.12352941 B: 0.030392157
R: 0.16078432 G: 0.12156863 B: 0.030392157
R: 0.15980393 G: 0.12156863 B: 0.03137255
R: 0.15980393 G: 0.120588236 B: 0.03137255
R: 0.15980393 G: 0.12156863 B: 0.03137255
R: 0.15980393 G: 0.12254902 B: 0.030392157
R: 0.15686275 G: 0.12254902 B: 0.030392157
R: 0.1627451 G: 0.12352941 B: 0.030392157
R: 0.16470589 G: 0.1264706 B: 0.032352943
R: 0.16176471 G: 0.124509804 B: 0.029411765
R: 0.16470589 G: 0.11862745 B: 0.030392157
R: 0.1627451 G: 0.124509804 B: 0.032352943
R: 0.15980393 G: 0.12156863 B: 0.030392157
R: 0.15784314 G: 0.120588236 B: 0.03137255
R: 0.15686275 G: 0.12352941 B: 0.034313727
R: 0.15784314 G: 0.120588236 B: 0.029411765
R: 0.1627451 G: 0.11862745 B: 0.029411765
R: 0.15686275 G: 0.11960784 B: 0.030392157
R: 0.15686275 G: 0.11960784 B: 0.030392157
R: 0.15686275 G: 0.11470588 B: 0.033333335
R: 0.15490197 G: 0.11862745 B: 0.028431373
R: 0.15392157 G: 0.11666667 B: 0.029411765
R: 0.15196079 G: 0.11666667 B: 0.030392157
R: 0.15784314 G: 0.110784315 B: 0.025490196
R: 0.1509804 G: 0.11372549 B: 0.030392157
R: 0.1509804 G: 0.11372549 B: 0.029411765
R: 0.14803922 G: 0.11666667 B: 0.033333335
R: 0.14901961 G: 0.1127451 B: 0.029411765
R: 0.14803922 G: 0.11176471 B: 0.025490196
R: 0.14803922 G: 0.11176471 B: 0.029411765
R: 0.15294118 G: 0.11666667 B: 0.033333335
R: 0.14313726 G: 0.10490196 B: 0.019607844
R: 0.14607844 G: 0.10980392 B: 0.028431373
R: 0.14607844 G: 0.10882353 B: 0.028431373
R: 0.15 G: 0.11372549 B: 0.029411765
R: 0.14215687 G: 0.11176471 B: 0.028431373
R: 0.14411765 G: 0.10784314 B: 0.02745098
R: 0.14215687 G: 0.106862746 B: 0.025490196
R: 0.14411765 G: 0.10882353 B: 0.03137255
R: 0.1392157 G: 0.105882354 B: 0.028431373
R: 0.14215687 G: 0.10490196 B: 0.02745098
R: 0.1382353 G: 0.10294118 B: 0.026470589
R: 0.14019608 G: 0.10490196 B: 0.026470589
R: 0.1382353 G: 0.106862746 B: 0.028431373
R: 0.14117648 G: 0.105882354 B: 0.029411765
R: 0.1382353 G: 0.10490196 B: 0.029411765
R: 0.13725491 G: 0.10392157 B: 0.025490196
R: 0.14411765 G: 0.10490196 B: 0.021568628
R: 0.13725491 G: 0.105882354 B: 0.028431373
R: 0.1382353 G: 0.10490196 B: 0.026470589
R: 0.14215687 G: 0.10784314 B: 0.02745098
R: 0.14509805 G: 0.10980392 B: 0.028431373
R: 0.14411765 G: 0.10980392 B: 0.028431373
R: 0.14313726 G: 0.10784314 B: 0.02745098
R: 0.14215687 G: 0.10980392 B: 0.02745098
R: 0.14607844 G: 0.110784315 B: 0.02745098
R: 0.14803922 G: 0.1127451 B: 0.037254903
R: 0.14705883 G: 0.110784315 B: 0.02745098
R: 0.15490197 G: 0.11470588 B: 0.03137255
R: 0.14607844 G: 0.1127451 B: 0.023529412
R: 0.14215687 G: 0.11666667 B: 0.02745098
R: 0.14215687 G: 0.10392157 B: 0.02745098
R: 0.14313726 G: 0.106862746 B: 0.034313727
R: 0.14411765 G: 0.11372549 B: 0.02745098
R: 0.14215687 G: 0.106862746 B: 0.029411765
R: 0.14215687 G: 0.10882353 B: 0.028431373
R: 0.14901961 G: 0.110784315 B: 0.028431373
R: 0.14705883 G: 0.11176471 B: 0.028431373
R: 0.14705883 G: 0.11764706 B: 0.02745098
R: 0.14901961 G: 0.1127451 B: 0.029411765
R: 0.14705883 G: 0.10882353 B: 0.026470589
R: 0.14705883 G: 0.1127451 B: 0.02745098
R: 0.14411765 G: 0.110784315 B: 0.02745098
R: 0.14313726 G: 0.10882353 B: 0.026470589
R: 0.14607844 G: 0.110784315 B: 0.026470589
R: 0.15 G: 0.11372549 B: 0.030392157
R: 0.14803922 G: 0.1127451 B: 0.029411765
R: 0.1382353 G: 0.11372549 B: 0.029411765
R: 0.14215687 G: 0.106862746 B: 0.023529412
R: 0.15 G: 0.11470588 B: 0.029411765
R: 0.15 G: 0.11372549 B: 0.03137255
R: 0.15 G: 0.11764706 B: 0.029411765
R: 0.15392157 G: 0.11764706 B: 0.025490196
R: 0.15882353 G: 0.11862745 B: 0.028431373
R: 0.15588236 G: 0.11960784 B: 0.029411765
R: 0.15784314 G: 0.120588236 B: 0.033333335
R: 0.15196079 G: 0.115686275 B: 0.029411765
R: 0.1509804 G: 0.11372549 B: 0.029411765
R: 0.15 G: 0.10980392 B: 0.029411765
R: 0.14901961 G: 0.11176471 B: 0.028431373
R: 0.15 G: 0.11372549 B: 0.023529412
R: 0.1509804 G: 0.11470588 B: 0.02745098
R: 0.15294118 G: 0.11470588 B: 0.030392157
R: 0.15686275 G: 0.105882354 B: 0.026470589
R: 0.15392157 G: 0.11764706 B: 0.029411765
R: 0.15588236 G: 0.11862745 B: 0.030392157
R: 0.15980393 G: 0.11764706 B: 0.032352943
R: 0.15294118 G: 0.115686275 B: 0.030392157
R: 0.15196079 G: 0.11372549 B: 0.029411765
R: 0.15196079 G: 0.11470588 B: 0.030392157
R: 0.15 G: 0.11176471 B: 0.033333335
R: 0.1509804 G: 0.11470588 B: 0.029411765
R: 0.15196079 G: 0.11470588 B: 0.030392157
R: 0.15392157 G: 0.11666667 B: 0.03137255
R: 0.15196079 G: 0.11764706 B: 0.03137255
R: 0.15392157 G: 0.11666667 B: 0.029411765
R: 0.15686275 G: 0.11960784 B: 0.03137255
R: 0.15686275 G: 0.11960784 B: 0.029411765
R: 0.15784314 G: 0.120588236 B: 0.033333335
R: 0.15686275 G: 0.11862745 B: 0.029411765
R: 0.16862746 G: 0.124509804 B: 0.034313727
R: 0.15980393 G: 0.12156863 B: 0.030392157
R: 0.15882353 G: 0.120588236 B: 0.030392157
R: 0.15686275 G: 0.11960784 B: 0.030392157
R: 0.15392157 G: 0.11666667 B: 0.02745098
R: 0.15784314 G: 0.120588236 B: 0.033333335
R: 0.15294118 G: 0.11666667 B: 0.028431373
R: 0.15686275 G: 0.11862745 B: 0.03137255
R: 0.15196079 G: 0.11470588 B: 0.03137255
R: 0.15294118 G: 0.11666667 B: 0.03137255
R: 0.15196079 G: 0.115686275 B: 0.029411765
R: 0.15196079 G: 0.11862745 B: 0.030392157
R: 0.1509804 G: 0.11372549 B: 0.028431373
R: 0.15588236 G: 0.11764706 B: 0.029411765
R: 0.15784314 G: 0.11862745 B: 0.030392157
R: 0.15784314 G: 0.11960784 B: 0.030392157
R: 0.15490197 G: 0.11666667 B: 0.028431373
R: 0.15392157 G: 0.11862745 B: 0.03137255
R: 0.15392157 G: 0.11764706 B: 0.030392157
R: 0.15294118 G: 0.11666667 B: 0.030392157
R: 0.1509804 G: 0.11470588 B: 0.030392157
R: 0.14803922 G: 0.11176471 B: 0.028431373
R: 0.14411765 G: 0.10882353 B: 0.030392157
R: 0.14313726 G: 0.106862746 B: 0.020588236
R: 0.14117648 G: 0.105882354 B: 0.028431373
R: 0.14117648 G: 0.105882354 B: 0.029411765
R: 0.14019608 G: 0.10392157 B: 0.02745098
R: 0.14019608 G: 0.10490196 B: 0.02745098
R: 0.14313726 G: 0.106862746 B: 0.028431373
R: 0.14411765 G: 0.10784314 B: 0.025490196
R: 0.14313726 G: 0.106862746 B: 0.029411765
R: 0.14019608 G: 0.09901961 B: 0.02745098
R: 0.14019608 G: 0.10490196 B: 0.028431373
R: 0.13529412 G: 0.1 B: 0.026470589
R: 0.13333334 G: 0.09901961 B: 0.02745098
R: 0.13137256 G: 0.09607843 B: 0.026470589
R: 0.12843138 G: 0.09411765 B: 0.026470589
R: 0.12745099 G: 0.09313726 B: 0.025490196
R: 0.13725491 G: 0.09019608 B: 0.029411765
R: 0.1264706 G: 0.09313726 B: 0.02745098
R: 0.12745099 G: 0.09117647 B: 0.023529412
R: 0.1264706 G: 0.09313726 B: 0.026470589
R: 0.1254902 G: 0.092156865 B: 0.029411765
R: 0.124509804 G: 0.09019608 B: 0.025490196
R: 0.12745099 G: 0.092156865 B: 0.026470589
R: 0.12941177 G: 0.09509804 B: 0.02745098
R: 0.13137256 G: 0.09607843 B: 0.02745098
R: 0.13137256 G: 0.09607843 B: 0.02745098
R: 0.1254902 G: 0.097058825 B: 0.02745098
R: 0.12745099 G: 0.097058825 B: 0.02745098
R: 0.13039216 G: 0.09607843 B: 0.026470589
R: 0.13235295 G: 0.09803922 B: 0.028431373
R: 0.13235295 G: 0.097058825 B: 0.026470589
R: 0.13333334 G: 0.097058825 B: 0.026470589
R: 0.13333334 G: 0.09803922 B: 0.026470589
R: 0.13333334 G: 0.09803922 B: 0.02745098
R: 0.13333334 G: 0.09901961 B: 0.02745098
R: 0.13333334 G: 0.09803922 B: 0.02745098
R: 0.1392157 G: 0.097058825 B: 0.02745098
R: 0.13529412 G: 0.1 B: 0.02745098
R: 0.13431373 G: 0.10098039 B: 0.019607844
R: 0.13431373 G: 0.09803922 B: 0.026470589
R: 0.13431373 G: 0.09901961 B: 0.02745098
R: 0.13431373 G: 0.09901961 B: 0.026470589
R: 0.13431373 G: 0.09901961 B: 0.026470589
R: 0.13725491 G: 0.101960786 B: 0.02745098
R: 0.13333334 G: 0.09901961 B: 0.02745098
R: 0.13333334 G: 0.09901961 B: 0.026470589
R: 0.13431373 G: 0.10098039 B: 0.028431373
R: 0.13529412 G: 0.1 B: 0.025490196
R: 0.13529412 G: 0.101960786 B: 0.028431373
R: 0.13627452 G: 0.1 B: 0.02745098
R: 0.13627452 G: 0.101960786 B: 0.02745098
R: 0.1392157 G: 0.10392157 B: 0.033333335
R: 0.1382353 G: 0.101960786 B: 0.02745098
R: 0.13725491 G: 0.10098039 B: 0.024509804
R: 0.13627452 G: 0.1 B: 0.028431373
R: 0.13725491 G: 0.10098039 B: 0.028431373
R: 0.13627452 G: 0.10098039 B: 0.02745098
R: 0.13627452 G: 0.10098039 B: 0.028431373
R: 0.13137256 G: 0.09411765 B: 0.026470589
R: 0.13627452 G: 0.10098039 B: 0.02745098
R: 0.13627452 G: 0.101960786 B: 0.028431373
R: 0.13627452 G: 0.1 B: 0.028431373
R: 0.13235295 G: 0.10098039 B: 0.02745098
R: 0.13627452 G: 0.10098039 B: 0.02745098
R: 0.13627452 G: 0.10098039 B: 0.02745098
R: 0.13725491 G: 0.101960786 B: 0.029411765
R: 0.13529412 G: 0.1 B: 0.02745098
R: 0.13235295 G: 0.10294118 B: 0.03627451
R: 0.13431373 G: 0.09803922 B: 0.02745098
R: 0.13627452 G: 0.10098039 B: 0.030392157
R: 0.14313726 G: 0.10294118 B: 0.029411765
R: 0.1382353 G: 0.10392157 B: 0.028431373
R: 0.13627452 G: 0.10294118 B: 0.02745098
R: 0.1382353 G: 0.10392157 B: 0.028431373
R: 0.1392157 G: 0.10294118 B: 0.02745098
R: 0.13725491 G: 0.10294118 B: 0.02745098
R: 0.14019608 G: 0.105882354 B: 0.029411765
R: 0.14117648 G: 0.10490196 B: 0.028431373
R: 0.1392157 G: 0.10392157 B: 0.028431373
R: 0.1392157 G: 0.10392157 B: 0.028431373
R: 0.1382353 G: 0.10294118 B: 0.02745098
R: 0.14019608 G: 0.10392157 B: 0.028431373
R: 0.1392157 G: 0.10392157 B: 0.02745098
R: 0.14215687 G: 0.10490196 B: 0.029411765
R: 0.14117648 G: 0.105882354 B: 0.028431373
R: 0.14313726 G: 0.106862746 B: 0.028431373
R: 0.14509805 G: 0.10784314 B: 0.029411765
R: 0.14509805 G: 0.10784314 B: 0.028431373
R: 0.14411765 G: 0.10784314 B: 0.028431373
R: 0.14607844 G: 0.10882353 B: 0.028431373
R: 0.14803922 G: 0.11176471 B: 0.029411765
R: 0.14901961 G: 0.11372549 B: 0.030392157
R: 0.14803922 G: 0.11176471 B: 0.02745098
R: 0.14705883 G: 0.1127451 B: 0.030392157
R: 0.14607844 G: 0.10980392 B: 0.028431373
R: 0.14509805 G: 0.10980392 B: 0.029411765
R: 0.14607844 G: 0.10980392 B: 0.028431373
R: 0.14803922 G: 0.11176471 B: 0.029411765
R: 0.14803922 G: 0.110784315 B: 0.028431373
R: 0.14607844 G: 0.10882353 B: 0.029411765
R: 0.14607844 G: 0.10882353 B: 0.029411765
R: 0.14705883 G: 0.10980392 B: 0.028431373
R: 0.14509805 G: 0.10882353 B: 0.028431373
R: 0.14705883 G: 0.110784315 B: 0.029411765
R: 0.15294118 G: 0.11666667 B: 0.03627451
R: 0.15392157 G: 0.11764706 B: 0.030392157
R: 0.15686275 G: 0.11862745 B: 0.030392157
R: 0.15882353 G: 0.120588236 B: 0.03137255
R: 0.15980393 G: 0.120588236 B: 0.03137255
R: 0.16078432 G: 0.12254902 B: 0.030392157
R: 0.15882353 G: 0.12156863 B: 0.03137255
R: 0.15686275 G: 0.11960784 B: 0.029411765
R: 0.15686275 G: 0.11862745 B: 0.030392157
R: 0.15490197 G: 0.11862745 B: 0.028431373
R: 0.15294118 G: 0.11666667 B: 0.030392157
R: 0.1509804 G: 0.11470588 B: 0.029411765
R: 0.15 G: 0.11372549 B: 0.028431373
R: 0.1509804 G: 0.11372549 B: 0.028431373
R: 0.15392157 G: 0.11666667 B: 0.030392157
R: 0.15490197 G: 0.11960784 B: 0.029411765
R: 0.16078432 G: 0.12254902 B: 0.03137255
R: 0.1627451 G: 0.124509804 B: 0.033333335
R: 0.1637255 G: 0.1254902 B: 0.032352943
R: 0.16862746 G: 0.12843138 B: 0.03529412
R: 0.15882353 G: 0.120588236 B: 0.029411765
R: 0.15980393 G: 0.12254902 B: 0.030392157
R: 0.16176471 G: 0.12352941 B: 0.03137255
R: 0.1627451 G: 0.1254902 B: 0.030392157
R: 0.1627451 G: 0.124509804 B: 0.03137255
R: 0.16078432 G: 0.12352941 B: 0.030392157
R: 0.15882353 G: 0.12156863 B: 0.029411765
R: 0.15686275 G: 0.120588236 B: 0.030392157
R: 0.15686275 G: 0.11960784 B: 0.030392157
R: 0.15392157 G: 0.11666667 B: 0.028431373
R: 0.1509804 G: 0.11372549 B: 0.029411765
R: 0.14901961 G: 0.110784315 B: 0.02745098
R: 0.15 G: 0.11470588 B: 0.029411765
R: 0.1509804 G: 0.11372549 B: 0.029411765
R: 0.15 G: 0.11372549 B: 0.028431373
R: 0.15392157 G: 0.11764706 B: 0.034313727
R: 0.15 G: 0.11372549 B: 0.030392157
R: 0.15 G: 0.115686275 B: 0.028431373
R: 0.14901961 G: 0.1127451 B: 0.028431373
R: 0.14705883 G: 0.11176471 B: 0.029411765
R: 0.1509804 G: 0.11470588 B: 0.029411765
R: 0.14901961 G: 0.11764706 B: 0.028431373
R: 0.15 G: 0.11470588 B: 0.029411765
R: 0.1509804 G: 0.115686275 B: 0.029411765
R: 0.15 G: 0.11372549 B: 0.02745098
R: 0.14901961 G: 0.1127451 B: 0.028431373
R: 0.1509804 G: 0.11372549 B: 0.028431373
R: 0.15196079 G: 0.115686275 B: 0.029411765
R: 0.1509804 G: 0.11470588 B: 0.033333335
R: 0.15 G: 0.11470588 B: 0.029411765
R: 0.14901961 G: 0.11372549 B: 0.029411765
R: 0.14901961 G: 0.1127451 B: 0.029411765
R: 0.14901961 G: 0.11176471 B: 0.028431373
R: 0.1509804 G: 0.11372549 B: 0.029411765
R: 0.15196079 G: 0.115686275 B: 0.029411765
R: 0.15392157 G: 0.11764706 B: 0.030392157
R: 0.15392157 G: 0.11764706 B: 0.030392157
R: 0.15490197 G: 0.11764706 B: 0.030392157
R: 0.15294118 G: 0.11666667 B: 0.029411765
R: 0.15392157 G: 0.11666667 B: 0.02745098
R: 0.15490197 G: 0.11764706 B: 0.030392157
R: 0.15588236 G: 0.11764706 B: 0.029411765
R: 0.15588236 G: 0.11862745 B: 0.03137255
R: 0.15392157 G: 0.11764706 B: 0.029411765
R: 0.15490197 G: 0.11960784 B: 0.030392157
R: 0.15294118 G: 0.11666667 B: 0.02745098
R: 0.15588236 G: 0.11862745 B: 0.030392157
R: 0.15490197 G: 0.11764706 B: 0.029411765
R: 0.15294118 G: 0.11764706 B: 0.029411765
R: 0.15588236 G: 0.11862745 B: 0.030392157
R: 0.15392157 G: 0.11862745 B: 0.03137255
R: 0.15392157 G: 0.11666667 B: 0.029411765
R: 0.15392157 G: 0.11666667 B: 0.029411765
R: 0.15392157 G: 0.11862745 B: 0.03137255
R: 0.15392157 G: 0.11764706 B: 0.029411765
R: 0.15980393 G: 0.11960784 B: 0.03137255
R: 0.15490197 G: 0.11862745 B: 0.030392157
R: 0.15490197 G: 0.11862745 B: 0.030392157
R: 0.15490197 G: 0.11862745 B: 0.030392157
R: 0.15392157 G: 0.11764706 B: 0.030392157
R: 0.15294118 G: 0.11764706 B: 0.029411765
R: 0.15196079 G: 0.11470588 B: 0.029411765
R: 0.1509804 G: 0.11470588 B: 0.030392157
R: 0.15 G: 0.1127451 B: 0.029411765
R: 0.15 G: 0.11372549 B: 0.029411765
R: 0.15 G: 0.11372549 B: 0.030392157
R: 0.15 G: 0.11372549 B: 0.030392157
R: 0.15 G: 0.1127451 B: 0.029411765
R: 0.15 G: 0.1127451 B: 0.029411765
R: 0.15 G: 0.1127451 B: 0.02745098
R: 0.15392157 G: 0.1127451 B: 0.030392157
R: 0.14803922 G: 0.11176471 B: 0.028431373
R: 0.14901961 G: 0.11176471 B: 0.028431373
R: 0.14803922 G: 0.11176471 B: 0.028431373
R: 0.14803922 G: 0.11176471 B: 0.029411765
R: 0.14607844 G: 0.10980392 B: 0.028431373
R: 0.14509805 G: 0.10784314 B: 0.028431373
R: 0.14509805 G: 0.10882353 B: 0.028431373
R: 0.14411765 G: 0.10784314 B: 0.028431373
R: 0.14215687 G: 0.106862746 B: 0.023529412
R: 0.14411765 G: 0.10980392 B: 0.029411765
R: 0.14509805 G: 0.11372549 B: 0.028431373
R: 0.13431373 G: 0.10392157 B: 0.028431373
R: 0.14313726 G: 0.106862746 B: 0.028431373
R: 0.14313726 G: 0.10784314 B: 0.028431373
R: 0.14411765 G: 0.10882353 B: 0.029411765
R: 0.14313726 G: 0.106862746 B: 0.028431373
R: 0.14411765 G: 0.10882353 B: 0.028431373
R: 0.14313726 G: 0.10784314 B: 0.030392157
R: 0.14411765 G: 0.10882353 B: 0.029411765
R: 0.14509805 G: 0.10784314 B: 0.028431373
R: 0.14313726 G: 0.10784314 B: 0.029411765
R: 0.14215687 G: 0.10784314 B: 0.029411765
R: 0.1392157 G: 0.10490196 B: 0.02745098
R: 0.1392157 G: 0.10490196 B: 0.028431373
R: 0.13725491 G: 0.10490196 B: 0.025490196
R: 0.13725491 G: 0.10294118 B: 0.028431373
R: 0.13627452 G: 0.10294118 B: 0.026470589
R: 0.13725491 G: 0.10294118 B: 0.02745098
R: 0.13725491 G: 0.101960786 B: 0.02745098
R: 0.1382353 G: 0.10098039 B: 0.02745098
R: 0.1382353 G: 0.10294118 B: 0.02745098
R: 0.1392157 G: 0.10098039 B: 0.02745098
R: 0.14019608 G: 0.10490196 B: 0.02745098
R: 0.14019608 G: 0.105882354 B: 0.028431373
R: 0.14117648 G: 0.106862746 B: 0.029411765
R: 0.1392157 G: 0.10392157 B: 0.028431373
R: 0.1392157 G: 0.10392157 B: 0.02745098
R: 0.1382353 G: 0.10392157 B: 0.028431373
R: 0.13529412 G: 0.101960786 B: 0.02745098
R: 0.13627452 G: 0.10392157 B: 0.02745098
R: 0.13627452 G: 0.10294118 B: 0.032352943
R: 0.1382353 G: 0.10098039 B: 0.02745098
R: 0.13529412 G: 0.1 B: 0.026470589
R: 0.13333334 G: 0.101960786 B: 0.02745098
R: 0.13431373 G: 0.1 B: 0.026470589
R: 0.13627452 G: 0.10098039 B: 0.028431373
R: 0.13627452 G: 0.10098039 B: 0.026470589
R: 0.13529412 G: 0.101960786 B: 0.02745098
R: 0.13627452 G: 0.10098039 B: 0.02745098
R: 0.13627452 G: 0.10098039 B: 0.02745098
R: 0.13529412 G: 0.10098039 B: 0.028431373
R: 0.13627452 G: 0.10098039 B: 0.02745098
R: 0.13725491 G: 0.101960786 B: 0.026470589
R: 0.13333334 G: 0.09901961 B: 0.024509804
R: 0.13627452 G: 0.10098039 B: 0.02745098
R: 0.13431373 G: 0.10098039 B: 0.02745098
R: 0.13431373 G: 0.10098039 B: 0.02745098
R: 0.13431373 G: 0.1 B: 0.026470589
R: 0.13529412 G: 0.10098039 B: 0.02745098
R: 0.1392157 G: 0.1 B: 0.026470589
R: 0.13725491 G: 0.101960786 B: 0.02745098
R: 0.13725491 G: 0.101960786 B: 0.030392157
R: 0.13627452 G: 0.101960786 B: 0.02745098
R: 0.1382353 G: 0.10294118 B: 0.02745098
R: 0.1392157 G: 0.105882354 B: 0.028431373
R: 0.1392157 G: 0.10490196 B: 0.029411765
R: 0.13725491 G: 0.10294118 B: 0.02745098
R: 0.1382353 G: 0.10294118 B: 0.029411765
R: 0.1382353 G: 0.10294118 B: 0.028431373
R: 0.1382353 G: 0.10392157 B: 0.029411765
R: 0.1382353 G: 0.105882354 B: 0.02745098
R: 0.13725491 G: 0.10294118 B: 0.028431373
R: 0.1382353 G: 0.10294118 B: 0.02745098
R: 0.14215687 G: 0.106862746 B: 0.04117647
R: 0.1382353 G: 0.10392157 B: 0.02745098
R: 0.13725491 G: 0.10392157 B: 0.028431373
R: 0.13627452 G: 0.10392157 B: 0.02745098
R: 0.13725491 G: 0.101960786 B: 0.02745098
R: 0.1382353 G: 0.10294118 B: 0.026470589
R: 0.1382353 G: 0.10294118 B: 0.028431373
R: 0.13725491 G: 0.10294118 B: 0.02745098
R: 0.13529412 G: 0.10098039 B: 0.025490196
R: 0.13627452 G: 0.101960786 B: 0.021568628
R: 0.13725491 G: 0.101960786 B: 0.02745098
R: 0.13725491 G: 0.10294118 B: 0.02745098
R: 0.13627452 G: 0.10098039 B: 0.026470589
R: 0.13431373 G: 0.1 B: 0.02745098
R: 0.13725491 G: 0.10098039 B: 0.030392157
R: 0.13529412 G: 0.101960786 B: 0.029411765
R: 0.13431373 G: 0.09803922 B: 0.02745098
R: 0.13333334 G: 0.09901961 B: 0.026470589
R: 0.13235295 G: 0.097058825 B: 0.025490196
R: 0.13333334 G: 0.09901961 B: 0.02745098
R: 0.13333334 G: 0.09901961 B: 0.02745098
R: 0.13333334 G: 0.09803922 B: 0.026470589
R: 0.13333334 G: 0.1 B: 0.02745098
R: 0.13137256 G: 0.09803922 B: 0.026470589
R: 0.13333334 G: 0.09803922 B: 0.02745098
R: 0.13137256 G: 0.09803922 B: 0.026470589
R: 0.12745099 G: 0.09607843 B: 0.025490196
R: 0.12941177 G: 0.09607843 B: 0.025490196
R: 0.13039216 G: 0.097058825 B: 0.02745098
R: 0.12352941 G: 0.09411765 B: 0.024509804
R: 0.12843138 G: 0.09509804 B: 0.023529412
R: 0.12843138 G: 0.09509804 B: 0.026470589
R: 0.13039216 G: 0.09901961 B: 0.038235296
R: 0.12745099 G: 0.09509804 B: 0.025490196
R: 0.1264706 G: 0.09313726 B: 0.026470589
R: 0.12843138 G: 0.09411765 B: 0.026470589
R: 0.1254902 G: 0.09411765 B: 0.028431373
R: 0.1254902 G: 0.092156865 B: 0.026470589
R: 0.124509804 G: 0.09117647 B: 0.025490196
R: 0.12156863 G: 0.08921569 B: 0.023529412
R: 0.12352941 G: 0.09117647 B: 0.025490196
R: 0.12156863 G: 0.08921569 B: 0.024509804
R: 0.11862745 G: 0.0882353 B: 0.02254902
R: 0.12254902 G: 0.08921569 B: 0.024509804
R: 0.12254902 G: 0.09019608 B: 0.028431373
R: 0.120588236 G: 0.08921569 B: 0.026470589
R: 0.12352941 G: 0.08627451 B: 0.032352943
R: 0.12156863 G: 0.09019608 B: 0.026470589
R: 0.12156863 G: 0.08921569 B: 0.025490196
R: 0.120588236 G: 0.08921569 B: 0.024509804
R: 0.120588236 G: 0.0882353 B: 0.024509804
R: 0.11960784 G: 0.0882353 B: 0.024509804
R: 0.120588236 G: 0.0882353 B: 0.025490196
R: 0.11960784 G: 0.08529412 B: 0.025490196
R: 0.11960784 G: 0.087254904 B: 0.024509804
R: 0.120588236 G: 0.08921569 B: 0.025490196
R: 0.11960784 G: 0.0882353 B: 0.025490196
R: 0.120588236 G: 0.08921569 B: 0.025490196
R: 0.12156863 G: 0.08921569 B: 0.025490196
R: 0.120588236 G: 0.08921569 B: 0.024509804
R: 0.120588236 G: 0.08921569 B: 0.024509804
R: 0.12254902 G: 0.09117647 B: 0.023529412
R: 0.1254902 G: 0.092156865 B: 0.025490196
R: 0.12745099 G: 0.09411765 B: 0.02745098
R: 0.1254902 G: 0.09411765 B: 0.028431373
R: 0.1254902 G: 0.09313726 B: 0.025490196
R: 0.1254902 G: 0.09411765 B: 0.025490196
R: 0.1254902 G: 0.092156865 B: 0.025490196
R: 0.12843138 G: 0.09509804 B: 0.02745098
R: 0.124509804 G: 0.09117647 B: 0.025490196
R: 0.124509804 G: 0.092156865 B: 0.025490196
R: 0.124509804 G: 0.09313726 B: 0.025490196
R: 0.1254902 G: 0.09411765 B: 0.025490196
R: 0.124509804 G: 0.092156865 B: 0.024509804
R: 0.11764706 G: 0.09019608 B: 0.024509804
R: 0.1254902 G: 0.09313726 B: 0.026470589
R: 0.1254902 G: 0.092156865 B: 0.026470589
R: 0.1254902 G: 0.092156865 B: 0.026470589
R: 0.1254902 G: 0.092156865 B: 0.025490196
R: 0.12352941 G: 0.09019608 B: 0.024509804
R: 0.12352941 G: 0.09117647 B: 0.024509804
R: 0.124509804 G: 0.09117647 B: 0.025490196
R: 0.124509804 G: 0.092156865 B: 0.025490196
R: 0.12352941 G: 0.09019608 B: 0.025490196
R: 0.12352941 G: 0.08921569 B: 0.024509804
R: 0.12254902 G: 0.09019608 B: 0.025490196
R: 0.12254902 G: 0.09019608 B: 0.025490196
R: 0.12254902 G: 0.09117647 B: 0.026470589
R: 0.12156863 G: 0.08627451 B: 0.023529412
R: 0.12254902 G: 0.08921569 B: 0.025490196
R: 0.12254902 G: 0.08921569 B: 0.025490196
R: 0.120588236 G: 0.087254904 B: 0.024509804
R: 0.120588236 G: 0.0882353 B: 0.023529412
R: 0.11960784 G: 0.0882353 B: 0.024509804
R: 0.11960784 G: 0.087254904 B: 0.025490196
R: 0.11960784 G: 0.087254904 B: 0.025490196
R: 0.11764706 G: 0.1 B: 0.024509804
R: 0.11862745 G: 0.087254904 B: 0.025490196
