R: 0.04117647 G: 0.07450981 B: 0.073529415
R: 0.039215688 G: 0.07254902 B: 0.08431373
R: 0.039215688 G: 0.068627454 B: 0.08235294
R: 0.037254903 G: 0.06568628 B: 0.078431375
R: 0.039215688 G: 0.06666667 B: 0.08039216
R: 0.03529412 G: 0.061764706 B: 0.07450981
R: 0.038235296 G: 0.06568628 B: 0.078431375
R: 0.04019608 G: 0.07156863 B: 0.08529412
R: 0.043137256 G: 0.07745098 B: 0.08921569
R: 0.04509804 G: 0.08431373 B: 0.09019608
R: 0.04509804 G: 0.078431375 B: 0.0882353
R: 0.039215688 G: 0.068627454 B: 0.08529412
R: 0.037254903 G: 0.06666667 B: 0.078431375
R: 0.03137255 G: 0.063725494 B: 0.078431375
R: 0.039215688 G: 0.06666667 B: 0.08137255
R: 0.046078432 G: 0.07745098 B: 0.0882353
R: 0.047058824 G: 0.08431373 B: 0.09411765
R: 0.04509804 G: 0.083333336 B: 0.09313726
R: 0.04117647 G: 0.07647059 B: 0.08627451
R: 0.038235296 G: 0.068627454 B: 0.08627451
