R: 0.02745098 G: 0.03137255 B: 0.020588236
R: 0.02745098 G: 0.029411765 B: 0.019607844
R: 0.02745098 G: 0.030392157 B: 0.019607844
R: 0.028431373 G: 0.034313727 B: 0.021568628
R: 0.028431373 G: 0.03529412 B: 0.021568628
R: 0.02745098 G: 0.030392157 B: 0.019607844
R: 0.028431373 G: 0.03137255 B: 0.020588236
R: 0.028431373 G: 0.03137255 B: 0.020588236
R: 0.029411765 G: 0.03137255 B: 0.020588236
R: 0.02254902 G: 0.026470589 B: 0.01372549
R: 0.030392157 G: 0.033333335 B: 0.02254902
R: 0.02745098 G: 0.03137255 B: 0.021568628
R: 0.02745098 G: 0.029411765 B: 0.019607844
R: 0.028431373 G: 0.033333335 B: 0.020588236
R: 0.028431373 G: 0.030392157 B: 0.020588236
R: 0.028431373 G: 0.030392157 B: 0.020588236
R: 0.02745098 G: 0.030392157 B: 0.020588236
R: 0.028431373 G: 0.03137255 B: 0.021568628
R: 0.028431373 G: 0.034313727 B: 0.019607844
R: 0.032352943 G: 0.037254903 B: 0.024509804
