R: 0.097058825 G: 0.04019608 B: 0.026470589
R: 0.09509804 G: 0.043137256 B: 0.024509804
R: 0.09607843 G: 0.039215688 B: 0.024509804
R: 0.097058825 G: 0.04019608 B: 0.026470589
R: 0.09607843 G: 0.04019608 B: 0.025490196
R: 0.09607843 G: 0.039215688 B: 0.025490196
R: 0.09803922 G: 0.04019608 B: 0.025490196
R: 0.09607843 G: 0.039215688 B: 0.025490196
R: 0.09509804 G: 0.039215688 B: 0.024509804
R: 0.097058825 G: 0.04019608 B: 0.025490196
R: 0.09313726 G: 0.03627451 B: 0.021568628
R: 0.10294118 G: 0.034313727 B: 0.034313727
R: 0.09509804 G: 0.039215688 B: 0.02254902
R: 0.09803922 G: 0.04117647 B: 0.026470589
R: 0.09607843 G: 0.04019608 B: 0.024509804
R: 0.09607843 G: 0.04117647 B: 0.026470589
R: 0.097058825 G: 0.04019608 B: 0.024509804
R: 0.09509804 G: 0.039215688 B: 0.024509804
R: 0.097058825 G: 0.04117647 B: 0.026470589
R: 0.10098039 G: 0.04411765 B: 0.032352943
