R: 0.21568628 G: 0.17156863 B: 0.04117647
R: 0.22647059 G: 0.18137255 B: 0.04117647
R: 0.20588236 G: 0.1627451 B: 0.04019608
R: 0.20882353 G: 0.16666667 B: 0.04117647
R: 0.22941177 G: 0.18431373 B: 0.043137256
R: 0.23921569 G: 0.19215687 B: 0.043137256
R: 0.2382353 G: 0.19215687 B: 0.042156864
R: 0.23235294 G: 0.1872549 B: 0.043137256
R: 0.2245098 G: 0.1754902 B: 0.042156864
R: 0.21862745 G: 0.17352942 B: 0.042156864
R: 0.21862745 G: 0.17352942 B: 0.042156864
R: 0.22058824 G: 0.1754902 B: 0.043137256
R: 0.22745098 G: 0.18137255 B: 0.042156864
R: 0.24117647 G: 0.19509804 B: 0.043137256
R: 0.24901961 G: 0.20392157 B: 0.04509804
R: 0.24901961 G: 0.20196079 B: 0.04509804
R: 0.24117647 G: 0.19607843 B: 0.04411765
R: 0.22352941 G: 0.17745098 B: 0.042156864
R: 0.21176471 G: 0.16764706 B: 0.04117647
R: 0.21568628 G: 0.17058824 B: 0.04117647
