R: 0.037254903 G: 0.10980392 B: 0.039215688
R: 0.037254903 G: 0.110784315 B: 0.039215688
R: 0.038235296 G: 0.10980392 B: 0.039215688
R: 0.037254903 G: 0.110784315 B: 0.039215688
R: 0.037254903 G: 0.10980392 B: 0.037254903
R: 0.03529412 G: 0.10980392 B: 0.04411765
R: 0.03627451 G: 0.110784315 B: 0.039215688
R: 0.038235296 G: 0.11176471 B: 0.038235296
R: 0.038235296 G: 0.11176471 B: 0.04019608
R: 0.038235296 G: 0.10294118 B: 0.039215688
R: 0.038235296 G: 0.10784314 B: 0.034313727
R: 0.037254903 G: 0.11372549 B: 0.039215688
R: 0.04019608 G: 0.11470588 B: 0.042156864
R: 0.039215688 G: 0.11372549 B: 0.04019608
R: 0.038235296 G: 0.11372549 B: 0.039215688
R: 0.04019608 G: 0.115686275 B: 0.042156864
R: 0.032352943 G: 0.1127451 B: 0.04019608
R: 0.038235296 G: 0.1127451 B: 0.039215688
R: 0.038235296 G: 0.11372549 B: 0.04019608
R: 0.038235296 G: 0.11176471 B: 0.038235296
