R: 0.1627451 G: 0.1637255 B: 0.16078432
R: 0.1637255 G: 0.16470589 B: 0.16078432
R: 0.16764706 G: 0.16764706 B: 0.16960785
R: 0.16666667 G: 0.16568628 B: 0.1637255
R: 0.15784314 G: 0.15784314 B: 0.15588236
R: 0.16568628 G: 0.16666667 B: 0.16470589
R: 0.16568628 G: 0.17058824 B: 0.1637255
R: 0.16470589 G: 0.16666667 B: 0.1627451
R: 0.16568628 G: 0.16666667 B: 0.1637255
R: 0.16568628 G: 0.16862746 B: 0.1627451
R: 0.16568628 G: 0.16568628 B: 0.1637255
R: 0.1627451 G: 0.16666667 B: 0.1627451
R: 0.16666667 G: 0.16666667 B: 0.16470589
R: 0.16568628 G: 0.16764706 B: 0.16764706
R: 0.16862746 G: 0.18235295 B: 0.15686275
R: 0.16666667 G: 0.16764706 B: 0.16470589
R: 0.1637255 G: 0.17843138 B: 0.15980393
R: 0.16666667 G: 0.16568628 B: 0.1637255
R: 0.16568628 G: 0.16764706 B: 0.1627451
R: 0.1627451 G: 0.16764706 B: 0.16176471
