R: 0.18431373 G: 0.037254903 B: 0.024509804
R: 0.18333334 G: 0.043137256 B: 0.029411765
R: 0.18333334 G: 0.043137256 B: 0.028431373
R: 0.18431373 G: 0.04117647 B: 0.033333335
R: 0.18529412 G: 0.04509804 B: 0.030392157
R: 0.18529412 G: 0.04509804 B: 0.030392157
R: 0.18529412 G: 0.04509804 B: 0.030392157
R: 0.19019608 G: 0.04901961 B: 0.034313727
R: 0.18431373 G: 0.04509804 B: 0.029411765
R: 0.18529412 G: 0.04509804 B: 0.030392157
R: 0.17941177 G: 0.04411765 B: 0.029411765
R: 0.18235295 G: 0.043137256 B: 0.028431373
R: 0.18431373 G: 0.04509804 B: 0.03137255
R: 0.18235295 G: 0.043137256 B: 0.028431373
R: 0.18333334 G: 0.04411765 B: 0.029411765
R: 0.18235295 G: 0.043137256 B: 0.034313727
R: 0.18137255 G: 0.043137256 B: 0.028431373
R: 0.18333334 G: 0.043137256 B: 0.030392157
R: 0.18039216 G: 0.04411765 B: 0.030392157
R: 0.17941177 G: 0.04019608 B: 0.02745098
