R: 0.012745098 G: 0.010784314 B: 0.019607844
R: 0.010784314 G: 0.00882353 B: 0.018627452
R: 0.011764706 G: 0.007843138 B: 0.018627452
R: 0.011764706 G: 0.00882353 B: 0.019607844
R: 0.010784314 G: 0.00882353 B: 0.01764706
R: 0.011764706 G: 0.00882353 B: 0.018627452
R: 0.011764706 G: 0.00882353 B: 0.01764706
R: 0.011764706 G: 0.009803922 B: 0.018627452
R: 0.011764706 G: 0.00882353 B: 0.01764706
R: 0.011764706 G: 0.009803922 B: 0.018627452
R: 0.011764706 G: 0.009803922 B: 0.018627452
R: 0.011764706 G: 0.009803922 B: 0.018627452
R: 0.012745098 G: 0.009803922 B: 0.018627452
R: 0.010784314 G: 0.00882353 B: 0.01764706
R: 0.010784314 G: 0.00882353 B: 0.01764706
R: 0.010784314 G: 0.00882353 B: 0.01764706
R: 0.012745098 G: 0.009803922 B: 0.018627452
R: 0.012745098 G: 0.009803922 B: 0.019607844
R: 0.011764706 G: 0.009803922 B: 0.018627452
R: 0.012745098 G: 0.009803922 B: 0.01764706
R: 0.011764706 G: 0.009803922 B: 0.018627452
R: 0.011764706 G: 0.009803922 B: 0.018627452
R: 0.011764706 G: 0.007843138 B: 0.01764706
R: 0.010784314 G: 0.007843138 B: 0.01764706
R: 0.011764706 G: 0.009803922 B: 0.019607844
